<?xml version="1.0" encoding="UTF-8"?>
<testsuite name="Ingresar a Youtube" tests="2" skipped="0" failures="0" errors="0" timestamp="2020-04-05T02:25:33" hostname="SQAT1MDEWIN54" time="53.585">
  <properties/>
  <testcase name="Busqueda exitosa Youtube" classname="Ingresar a Youtube" time="27.302"/>
  <testcase name="Busqueda exitosa Youtube" classname="Ingresar a Youtube" time="26.276"/>
  <system-out><![CDATA[moradodespacio]]></system-out>
  <system-err><![CDATA[abr 04, 2020 9:25:34 PM org.openqa.selenium.remote.DesiredCapabilities chrome
INFORMACIÓN: Using `new ChromeOptions()` is preferred to `DesiredCapabilities.chrome()`
Starting ChromeDriver 79.0.3945.36 (3582db32b33893869b8c1339e8f4d9ed1816f143-refs/branch-heads/3945@{#614}) on port 38195
Only local connections are allowed.
Please protect ports used by ChromeDriver and related test frameworks to prevent access by malicious code.
[1586053536.565][WARNING]: This version of ChromeDriver has not been tested with Chrome version 80.
[1586053538.578][WARNING]: Timed out connecting to Chrome, retrying...
abr 04, 2020 9:25:40 PM org.openqa.selenium.remote.ProtocolHandshake createSession
INFORMACIÓN: Detected dialect: W3C
[1586053542.641][WARNING]: Timed out connecting to Chrome, retrying...
[Test worker] INFO net.thucydides.core.steps.ConsoleLoggingListener - 
        __    _____ _____ ____ _____   ____   _    ____  ____  _____ ____  
  _     \ \  |_   _| ____/ ___|_   _| |  _ \ / \  / ___|/ ___|| ____|  _ \ 
 (_)_____| |   | | |  _| \___ \ | |   | |_) / _ \ \___ \\___ \|  _| | | | |
  _|_____| |   | | | |___ ___) || |   |  __/ ___ \ ___) |___) | |___| |_| |
 (_)     | |   |_| |_____|____/ |_|   |_| /_/   \_\____/|____/|_____|____/ 
        /_/                                                                

TEST PASSED: Busqueda exitosa Youtube
----------------------------------------------------------------------------
abr 04, 2020 9:26:01 PM org.openqa.selenium.remote.DesiredCapabilities chrome
INFORMACIÓN: Using `new ChromeOptions()` is preferred to `DesiredCapabilities.chrome()`
[1586053563.499][WARNING]: This version of ChromeDriver has not been tested with Chrome version 80.
[1586053565.507][WARNING]: Timed out connecting to Chrome, retrying...
abr 04, 2020 9:26:07 PM org.openqa.selenium.remote.ProtocolHandshake createSession
INFORMACIÓN: Detected dialect: W3C
[1586053569.531][WARNING]: Timed out connecting to Chrome, retrying...
[Test worker] INFO net.thucydides.core.steps.ConsoleLoggingListener - 
        __    _____ _____ ____ _____   ____   _    ____  ____  _____ ____  
  _     \ \  |_   _| ____/ ___|_   _| |  _ \ / \  / ___|/ ___|| ____|  _ \ 
 (_)_____| |   | | |  _| \___ \ | |   | |_) / _ \ \___ \\___ \|  _| | | | |
  _|_____| |   | | | |___ ___) || |   |  __/ ___ \ ___) |___) | |___| |_| |
 (_)     | |   |_| |_____|____/ |_|   |_| /_/   \_\____/|____/|_____|____/ 
        /_/                                                                

TEST PASSED: Busqueda exitosa Youtube
----------------------------------------------------------------------------
]]></system-err>
</testsuite>
